<?xml version="1.0" encoding="UTF-8"?>
<testsuite name="vendingmachine.VendingMachineTest" tests="6" skipped="0" failures="0" errors="0" timestamp="2019-04-10T09:56:01" hostname="Vela.local" time="0.101">
  <properties/>
  <testcase name="testBuyItemWithExactPrice" classname="vendingmachine.VendingMachineTest" time="0.067"/>
  <testcase name="testBuyItemWithMorePrice" classname="vendingmachine.VendingMachineTest" time="0.003"/>
  <testcase name="testItemInit" classname="vendingmachine.VendingMachineTest" time="0.001"/>
  <testcase name="testRefund" classname="vendingmachine.VendingMachineTest" time="0.001"/>
  <testcase name="testVendingMachine" classname="vendingmachine.VendingMachineTest" time="0.002"/>
  <testcase name="testVendingMachineFactory" classname="vendingmachine.VendingMachineTest" time="0.002"/>
  <system-out><![CDATA[]]></system-out>
  <system-err><![CDATA[]]></system-err>
</testsuite>
